GC Precious Log:
 CPUs: 4 total, 4 available
 Memory: 3999M
 Large Page Support: Disabled
 NUMA Support: Disabled
 Compressed Oops: Enabled (32-bit)
 Heap Region Size: 1M
 Heap Min Capacity: 8M
 Heap Initial Capacity: 64M
 Heap Max Capacity: 1000M
 Pre-touch: Disabled
 Parallel Workers: 4
 Concurrent Workers: 1
 Concurrent Refinement Workers: 4
 Periodic GC: Disabled
Heap:
 garbage-first heap   total 86016K, used 48985K [0x00000000c1800000, 0x0000000100000000)
  region size 1024K, 15 young (15360K), 1 survivors (1024K)
 Metaspace       used 82584K, committed 83136K, reserved 1122304K
  class space    used 10373K, committed 10624K, reserved 1048576K
GC Heap History (20 events):
Event: 4153.415 GC heap before
{Heap before GC invocations=43 (full 1):
 garbage-first heap   total 86016K, used 73212K [0x00000000c1800000, 0x0000000100000000)
  region size 1024K, 39 young (39936K), 2 survivors (2048K)
 Metaspace       used 82516K, committed 83072K, reserved 1122304K
  class space    used 10373K, committed 10624K, reserved 1048576K
}
Event: 4153.457 GC heap after
{Heap after GC invocations=44 (full 1):
 garbage-first heap   total 86016K, used 35409K [0x00000000c1800000, 0x0000000100000000)
  region size 1024K, 3 young (3072K), 3 survivors (3072K)
 Metaspace       used 82516K, committed 83072K, reserved 1122304K
  class space    used 10373K, committed 10624K, reserved 1048576K
}
Event: 4498.124 GC heap before
{Heap before GC invocations=44 (full 1):
 garbage-first heap   total 86016K, used 71249K [0x00000000c1800000, 0x0000000100000000)
  region size 1024K, 38 young (38912K), 3 survivors (3072K)
 Metaspace       used 82536K, committed 83072K, reserved 1122304K
  class space    used 10373K, committed 10624K, reserved 1048576K
}
Event: 4498.139 GC heap after
{Heap after GC invocations=45 (full 1):
 garbage-first heap   total 86016K, used 35454K [0x00000000c1800000, 0x0000000100000000)
  region size 1024K, 3 young (3072K), 3 survivors (3072K)
 Metaspace       used 82536K, committed 83072K, reserved 1122304K
  class space    used 10373K, committed 10624K, reserved 1048576K
}
Event: 4856.768 GC heap before
{Heap before GC invocations=45 (full 1):
 garbage-first heap   total 86016K, used 71294K [0x00000000c1800000, 0x0000000100000000)
  region size 1024K, 38 young (38912K), 3 survivors (3072K)
 Metaspace       used 82538K, committed 83072K, reserved 1122304K
  class space    used 10373K, committed 10624K, reserved 1048576K
}
Event: 4856.784 GC heap after
{Heap after GC invocations=46 (full 1):
 garbage-first heap   total 86016K, used 35324K [0x00000000c1800000, 0x0000000100000000)
  region size 1024K, 2 young (2048K), 2 survivors (2048K)
 Metaspace       used 82538K, committed 83072K, reserved 1122304K
  class space    used 10373K, committed 10624K, reserved 1048576K
}
Event: 5236.538 GC heap before
{Heap before GC invocations=46 (full 1):
 garbage-first heap   total 86016K, used 73212K [0x00000000c1800000, 0x0000000100000000)
  region size 1024K, 39 young (39936K), 2 survivors (2048K)
 Metaspace       used 82538K, committed 83072K, reserved 1122304K
  class space    used 10373K, committed 10624K, reserved 1048576K
}
Event: 5236.553 GC heap after
{Heap after GC invocations=47 (full 1):
 garbage-first heap   total 86016K, used 35324K [0x00000000c1800000, 0x0000000100000000)
  region size 1024K, 2 young (2048K), 2 survivors (2048K)
 Metaspace       used 82538K, committed 83072K, reserved 1122304K
  class space    used 10373K, committed 10624K, reserved 1048576K
}
Event: 5615.066 GC heap before
{Heap before GC invocations=47 (full 1):
 garbage-first heap   total 86016K, used 73212K [0x00000000c1800000, 0x0000000100000000)
  region size 1024K, 39 young (39936K), 2 survivors (2048K)
 Metaspace       used 82539K, committed 83072K, reserved 1122304K
  class space    used 10373K, committed 10624K, reserved 1048576K
}
Event: 5615.081 GC heap after
{Heap after GC invocations=48 (full 1):
 garbage-first heap   total 86016K, used 35324K [0x00000000c1800000, 0x0000000100000000)
  region size 1024K, 2 young (2048K), 2 survivors (2048K)
 Metaspace       used 82539K, committed 83072K, reserved 1122304K
  class space    used 10373K, committed 10624K, reserved 1048576K
}
Event: 5995.189 GC heap before
{Heap before GC invocations=48 (full 1):
 garbage-first heap   total 86016K, used 73212K [0x00000000c1800000, 0x0000000100000000)
  region size 1024K, 39 young (39936K), 2 survivors (2048K)
 Metaspace       used 82541K, committed 83072K, reserved 1122304K
  class space    used 10373K, committed 10624K, reserved 1048576K
}
Event: 5995.302 GC heap after
{Heap after GC invocations=49 (full 1):
 garbage-first heap   total 86016K, used 35494K [0x00000000c1800000, 0x0000000100000000)
  region size 1024K, 2 young (2048K), 2 survivors (2048K)
 Metaspace       used 82541K, committed 83072K, reserved 1122304K
  class space    used 10373K, committed 10624K, reserved 1048576K
}
Event: 6347.982 GC heap before
{Heap before GC invocations=49 (full 1):
 garbage-first heap   total 86016K, used 72358K [0x00000000c1800000, 0x0000000100000000)
  region size 1024K, 38 young (38912K), 2 survivors (2048K)
 Metaspace       used 82561K, committed 83136K, reserved 1122304K
  class space    used 10373K, committed 10624K, reserved 1048576K
}
Event: 6348.050 GC heap after
{Heap after GC invocations=50 (full 1):
 garbage-first heap   total 86016K, used 35711K [0x00000000c1800000, 0x0000000100000000)
  region size 1024K, 1 young (1024K), 1 survivors (1024K)
 Metaspace       used 82561K, committed 83136K, reserved 1122304K
  class space    used 10373K, committed 10624K, reserved 1048576K
}
Event: 6730.154 GC heap before
{Heap before GC invocations=50 (full 1):
 garbage-first heap   total 86016K, used 73599K [0x00000000c1800000, 0x0000000100000000)
  region size 1024K, 38 young (38912K), 1 survivors (1024K)
 Metaspace       used 82561K, committed 83136K, reserved 1122304K
  class space    used 10373K, committed 10624K, reserved 1048576K
}
Event: 6730.201 GC heap after
{Heap after GC invocations=51 (full 1):
 garbage-first heap   total 86016K, used 35489K [0x00000000c1800000, 0x0000000100000000)
  region size 1024K, 1 young (1024K), 1 survivors (1024K)
 Metaspace       used 82561K, committed 83136K, reserved 1122304K
  class space    used 10373K, committed 10624K, reserved 1048576K
}
Event: 7110.154 GC heap before
{Heap before GC invocations=51 (full 1):
 garbage-first heap   total 86016K, used 73377K [0x00000000c1800000, 0x0000000100000000)
  region size 1024K, 38 young (38912K), 1 survivors (1024K)
 Metaspace       used 82562K, committed 83136K, reserved 1122304K
  class space    used 10373K, committed 10624K, reserved 1048576K
}
Event: 7110.158 GC heap after
{Heap after GC invocations=52 (full 1):
 garbage-first heap   total 86016K, used 35470K [0x00000000c1800000, 0x0000000100000000)
  region size 1024K, 1 young (1024K), 1 survivors (1024K)
 Metaspace       used 82562K, committed 83136K, reserved 1122304K
  class space    used 10373K, committed 10624K, reserved 1048576K
}
Event: 14101.154 GC heap before
{Heap before GC invocations=52 (full 1):
 garbage-first heap   total 86016K, used 73358K [0x00000000c1800000, 0x0000000100000000)
  region size 1024K, 38 young (38912K), 1 survivors (1024K)
 Metaspace       used 82583K, committed 83136K, reserved 1122304K
  class space    used 10373K, committed 10624K, reserved 1048576K
}
Event: 14101.167 GC heap after
{Heap after GC invocations=53 (full 1):
 garbage-first heap   total 86016K, used 35673K [0x00000000c1800000, 0x0000000100000000)
  region size 1024K, 1 young (1024K), 1 survivors (1024K)
 Metaspace       used 82583K, committed 83136K, reserved 1122304K
  class space    used 10373K, committed 10624K, reserved 1048576K
}

